f:\v11.1_project\wsn_localization_v11.1\32-bit\workspace_localization_wsn\src\simulation\zigbee\x64\debug\vc141.pdb
f:\v11.1_project\wsn_localization_v11.1\32-bit\workspace_localization_wsn\src\simulation\zigbee\x64\debug\vc141.idb
f:\v11.1_project\wsn_localization_v11.1\32-bit\workspace_localization_wsn\src\simulation\zigbee\x64\debug\unslottedcsmaca.obj
f:\v11.1_project\wsn_localization_v11.1\32-bit\workspace_localization_wsn\src\simulation\zigbee\x64\debug\superframe.obj
f:\v11.1_project\wsn_localization_v11.1\32-bit\workspace_localization_wsn\src\simulation\zigbee\x64\debug\slottedcsmaca.obj
f:\v11.1_project\wsn_localization_v11.1\32-bit\workspace_localization_wsn\src\simulation\zigbee\x64\debug\sinrcalculation.obj
f:\v11.1_project\wsn_localization_v11.1\32-bit\workspace_localization_wsn\src\simulation\zigbee\x64\debug\locatebackoffboundary.obj
f:\v11.1_project\wsn_localization_v11.1\32-bit\workspace_localization_wsn\src\simulation\zigbee\x64\debug\localisation.obj
f:\v11.1_project\wsn_localization_v11.1\32-bit\workspace_localization_wsn\src\simulation\zigbee\x64\debug\changeradiostate.obj
f:\v11.1_project\wsn_localization_v11.1\32-bit\workspace_localization_wsn\src\simulation\zigbee\x64\debug\cca.obj
f:\v11.1_project\wsn_localization_v11.1\32-bit\workspace_localization_wsn\src\simulation\zigbee\x64\debug\bercalculation.obj
f:\v11.1_project\wsn_localization_v11.1\32-bit\workspace_localization_wsn\src\simulation\zigbee\x64\debug\backoffcalculation.obj
f:\v11.1_project\wsn_localization_v11.1\32-bit\workspace_localization_wsn\src\simulation\zigbee\x64\debug\802_15_4.obj
f:\v11.1_projects\wsn_localization_v11.1\workspace_localization_wsn\src\simulation\zigbee\x64\debug\802_15_4.obj
f:\v11.1_projects\wsn_localization_v11.1\workspace_localization_wsn\src\simulation\zigbee\x64\debug\backoffcalculation.obj
f:\v11.1_projects\wsn_localization_v11.1\workspace_localization_wsn\src\simulation\zigbee\x64\debug\bercalculation.obj
f:\v11.1_projects\wsn_localization_v11.1\workspace_localization_wsn\src\simulation\zigbee\x64\debug\cca.obj
f:\v11.1_projects\wsn_localization_v11.1\workspace_localization_wsn\src\simulation\zigbee\x64\debug\changeradiostate.obj
f:\v11.1_projects\wsn_localization_v11.1\workspace_localization_wsn\src\simulation\zigbee\x64\debug\localisation.obj
f:\v11.1_projects\wsn_localization_v11.1\workspace_localization_wsn\src\simulation\zigbee\x64\debug\locatebackoffboundary.obj
f:\v11.1_projects\wsn_localization_v11.1\workspace_localization_wsn\src\simulation\zigbee\x64\debug\sinrcalculation.obj
f:\v11.1_projects\wsn_localization_v11.1\workspace_localization_wsn\src\simulation\zigbee\x64\debug\slottedcsmaca.obj
f:\v11.1_projects\wsn_localization_v11.1\workspace_localization_wsn\src\simulation\zigbee\x64\debug\superframe.obj
f:\v11.1_projects\wsn_localization_v11.1\workspace_localization_wsn\src\simulation\zigbee\x64\debug\unslottedcsmaca.obj
f:\v11.1_projects\wsn_localization_v11.1\workspace_localization_wsn\src\simulation\zigbee\x64\debug\vc141.idb
f:\v11.1_projects\wsn_localization_v11.1\workspace_localization_wsn\src\simulation\zigbee\x64\debug\vc141.pdb
f:\v11.1_projects\wsn_localization_v11.1\workspace_localization_wsn\src\simulation\zigbee\x64\debug\zigbee.tlog\cl.command.1.tlog
f:\v11.1_projects\wsn_localization_v11.1\workspace_localization_wsn\src\simulation\zigbee\x64\debug\zigbee.tlog\cl.read.1.tlog
f:\v11.1_projects\wsn_localization_v11.1\workspace_localization_wsn\src\simulation\zigbee\x64\debug\zigbee.tlog\cl.write.1.tlog
f:\v11.1_projects\wsn_localization_v11.1\workspace_localization_wsn\src\simulation\zigbee\x64\debug\zigbee.tlog\link-cvtres.read.1.tlog
f:\v11.1_projects\wsn_localization_v11.1\workspace_localization_wsn\src\simulation\zigbee\x64\debug\zigbee.tlog\link-cvtres.write.1.tlog
f:\v11.1_projects\wsn_localization_v11.1\workspace_localization_wsn\src\simulation\zigbee\x64\debug\zigbee.tlog\link-rc.read.1.tlog
f:\v11.1_projects\wsn_localization_v11.1\workspace_localization_wsn\src\simulation\zigbee\x64\debug\zigbee.tlog\link-rc.write.1.tlog
f:\v11.1_projects\wsn_localization_v11.1\workspace_localization_wsn\src\simulation\zigbee\x64\debug\zigbee.tlog\link.command.1.tlog
f:\v11.1_projects\wsn_localization_v11.1\workspace_localization_wsn\src\simulation\zigbee\x64\debug\zigbee.tlog\link.delete.1.tlog
f:\v11.1_projects\wsn_localization_v11.1\workspace_localization_wsn\src\simulation\zigbee\x64\debug\zigbee.tlog\link.read.1.tlog
f:\v11.1_projects\wsn_localization_v11.1\workspace_localization_wsn\src\simulation\zigbee\x64\debug\zigbee.tlog\link.write.1.tlog
