f:\v11.1_projects\wsn_localization_v11.1\workspace_localization_wsn\src\simulation\mobility\debug\vc141.pdb
f:\v11.1_projects\wsn_localization_v11.1\workspace_localization_wsn\src\simulation\mobility\debug\vc141.idb
f:\v11.1_projects\wsn_localization_v11.1\workspace_localization_wsn\src\simulation\mobility\debug\sumo_interface.obj
f:\v11.1_projects\wsn_localization_v11.1\workspace_localization_wsn\src\simulation\mobility\debug\nodejoin.obj
f:\v11.1_projects\wsn_localization_v11.1\workspace_localization_wsn\src\simulation\mobility\debug\mobility.obj
f:\v11.1_projects\wsn_localization_v11.1\workspace_localization_wsn\src\simulation\mobility\debug\groupmobility.obj
f:\v11.1_projects\wsn_localization_v11.1\workspace_localization_wsn\src\simulation\mobility\debug\filebasedmobility.obj
f:\v11.1_projects\wsn_localization_v11.1\workspace_localization_wsn\bin\bin_x86\libmobility.dll
f:\v11.1_projects\wsn_localization_v11.1\workspace_localization_wsn\bin\bin_x86\mobility.pdb
f:\v11.1_projects\wsn_localization_v11.1\workspace_localization_wsn\bin\bin_x86\mobility.lib
f:\v11.1_projects\wsn_localization_v11.1\workspace_localization_wsn\bin\bin_x86\mobility.exp
f:\wsn_localization_v11.1\workspace_localization_wsn\src\simulation\mobility\debug\filebasedmobility.obj
f:\wsn_localization_v11.1\workspace_localization_wsn\src\simulation\mobility\debug\groupmobility.obj
f:\wsn_localization_v11.1\workspace_localization_wsn\src\simulation\mobility\debug\mobility.obj
f:\wsn_localization_v11.1\workspace_localization_wsn\src\simulation\mobility\debug\nodejoin.obj
f:\wsn_localization_v11.1\workspace_localization_wsn\src\simulation\mobility\debug\sumo_interface.obj
f:\wsn_localization_v11.1\workspace_localization_wsn\src\simulation\mobility\debug\vc141.idb
f:\wsn_localization_v11.1\workspace_localization_wsn\src\simulation\mobility\debug\vc141.pdb
f:\wsn_localization_v11.1\workspace_localization_wsn\src\simulation\mobility\debug\mobility.tlog\cl.command.1.tlog
f:\wsn_localization_v11.1\workspace_localization_wsn\src\simulation\mobility\debug\mobility.tlog\cl.read.1.tlog
f:\wsn_localization_v11.1\workspace_localization_wsn\src\simulation\mobility\debug\mobility.tlog\cl.write.1.tlog
f:\wsn_localization_v11.1\workspace_localization_wsn\src\simulation\mobility\debug\mobility.tlog\link.command.1.tlog
f:\wsn_localization_v11.1\workspace_localization_wsn\src\simulation\mobility\debug\mobility.tlog\link.read.1.tlog
f:\wsn_localization_v11.1\workspace_localization_wsn\src\simulation\mobility\debug\mobility.tlog\link.write.1.tlog
f:\wsn_localization_v11.1\workspace_localization_wsn\src\simulation\mobility\debug\mobility.tlog\mobility.write.1u.tlog
