f:\v11.1_projects\wsn_localization_v11.1\workspace_localization_wsn\src\simulation\zigbee\debug\vc141.pdb
f:\v11.1_projects\wsn_localization_v11.1\workspace_localization_wsn\src\simulation\zigbee\debug\vc141.idb
f:\v11.1_projects\wsn_localization_v11.1\workspace_localization_wsn\src\simulation\zigbee\debug\unslottedcsmaca.obj
f:\v11.1_projects\wsn_localization_v11.1\workspace_localization_wsn\src\simulation\zigbee\debug\superframe.obj
f:\v11.1_projects\wsn_localization_v11.1\workspace_localization_wsn\src\simulation\zigbee\debug\slottedcsmaca.obj
f:\v11.1_projects\wsn_localization_v11.1\workspace_localization_wsn\src\simulation\zigbee\debug\sinrcalculation.obj
f:\v11.1_projects\wsn_localization_v11.1\workspace_localization_wsn\src\simulation\zigbee\debug\locatebackoffboundary.obj
f:\v11.1_projects\wsn_localization_v11.1\workspace_localization_wsn\src\simulation\zigbee\debug\localisation.obj
f:\v11.1_projects\wsn_localization_v11.1\workspace_localization_wsn\src\simulation\zigbee\debug\changeradiostate.obj
f:\v11.1_projects\wsn_localization_v11.1\workspace_localization_wsn\src\simulation\zigbee\debug\cca.obj
f:\v11.1_projects\wsn_localization_v11.1\workspace_localization_wsn\src\simulation\zigbee\debug\bercalculation.obj
f:\v11.1_projects\wsn_localization_v11.1\workspace_localization_wsn\src\simulation\zigbee\debug\backoffcalculation.obj
f:\v11.1_projects\wsn_localization_v11.1\workspace_localization_wsn\src\simulation\zigbee\debug\802_15_4.obj
f:\v11.1_projects\wsn_localization_v11.1\workspace_localization_wsn\bin\bin_x86\libzigbee.dll
f:\v11.1_projects\wsn_localization_v11.1\workspace_localization_wsn\bin\bin_x86\zigbee.pdb
f:\v11.1_projects\wsn_localization_v11.1\workspace_localization_wsn\bin\bin_x86\zigbee.lib
f:\v11.1_projects\wsn_localization_v11.1\workspace_localization_wsn\bin\bin_x86\zigbee.exp
f:\wsn_localization_v11.1\workspace_localization_wsn\src\simulation\zigbee\debug\802_15_4.obj
f:\wsn_localization_v11.1\workspace_localization_wsn\src\simulation\zigbee\debug\backoffcalculation.obj
f:\wsn_localization_v11.1\workspace_localization_wsn\src\simulation\zigbee\debug\bercalculation.obj
f:\wsn_localization_v11.1\workspace_localization_wsn\src\simulation\zigbee\debug\cca.obj
f:\wsn_localization_v11.1\workspace_localization_wsn\src\simulation\zigbee\debug\changeradiostate.obj
f:\wsn_localization_v11.1\workspace_localization_wsn\src\simulation\zigbee\debug\localisation.obj
f:\wsn_localization_v11.1\workspace_localization_wsn\src\simulation\zigbee\debug\locatebackoffboundary.obj
f:\wsn_localization_v11.1\workspace_localization_wsn\src\simulation\zigbee\debug\sinrcalculation.obj
f:\wsn_localization_v11.1\workspace_localization_wsn\src\simulation\zigbee\debug\slottedcsmaca.obj
f:\wsn_localization_v11.1\workspace_localization_wsn\src\simulation\zigbee\debug\superframe.obj
f:\wsn_localization_v11.1\workspace_localization_wsn\src\simulation\zigbee\debug\unslottedcsmaca.obj
f:\wsn_localization_v11.1\workspace_localization_wsn\src\simulation\zigbee\debug\vc141.idb
f:\wsn_localization_v11.1\workspace_localization_wsn\src\simulation\zigbee\debug\vc141.pdb
f:\wsn_localization_v11.1\workspace_localization_wsn\src\simulation\zigbee\debug\zigbee.tlog\cl.command.1.tlog
f:\wsn_localization_v11.1\workspace_localization_wsn\src\simulation\zigbee\debug\zigbee.tlog\cl.read.1.tlog
f:\wsn_localization_v11.1\workspace_localization_wsn\src\simulation\zigbee\debug\zigbee.tlog\cl.write.1.tlog
f:\wsn_localization_v11.1\workspace_localization_wsn\src\simulation\zigbee\debug\zigbee.tlog\link.command.1.tlog
f:\wsn_localization_v11.1\workspace_localization_wsn\src\simulation\zigbee\debug\zigbee.tlog\link.read.1.tlog
f:\wsn_localization_v11.1\workspace_localization_wsn\src\simulation\zigbee\debug\zigbee.tlog\link.write.1.tlog
f:\wsn_localization_v11.1\workspace_localization_wsn\src\simulation\zigbee\debug\zigbee.tlog\zigbee.write.1u.tlog
