c:\users\tetcos-demo system\desktop\localization_v11\mobility\x64\debug\vc141.pdb
c:\users\tetcos-demo system\desktop\localization_v11\mobility\x64\debug\vc141.idb
c:\users\tetcos-demo system\desktop\localization_v11\mobility\x64\debug\sumo_interface.obj
c:\users\tetcos-demo system\desktop\localization_v11\mobility\x64\debug\nodejoin.obj
c:\users\tetcos-demo system\desktop\localization_v11\mobility\x64\debug\mobility.obj
c:\users\tetcos-demo system\desktop\localization_v11\mobility\x64\debug\groupmobility.obj
c:\users\tetcos-demo system\desktop\localization_v11\mobility\x64\debug\filebasedmobility.obj
c:\users\tetcos-demo system\desktop\localization_v11\dll\libmobility.dll
c:\users\tetcos-demo system\desktop\localization_v11\dll\mobility.pdb
c:\users\tetcos-demo system\desktop\localization_v11\dll\mobility.lib
c:\users\tetcos-demo system\desktop\localization_v11\dll\mobility.exp
f:\v11.1_projects\wsn_localization_v11.1\workspace_localization_wsn\src\simulation\mobility\x64\debug\filebasedmobility.obj
f:\v11.1_projects\wsn_localization_v11.1\workspace_localization_wsn\src\simulation\mobility\x64\debug\groupmobility.obj
f:\v11.1_projects\wsn_localization_v11.1\workspace_localization_wsn\src\simulation\mobility\x64\debug\mobility.obj
f:\v11.1_projects\wsn_localization_v11.1\workspace_localization_wsn\src\simulation\mobility\x64\debug\nodejoin.obj
f:\v11.1_projects\wsn_localization_v11.1\workspace_localization_wsn\src\simulation\mobility\x64\debug\sumo_interface.obj
f:\v11.1_projects\wsn_localization_v11.1\workspace_localization_wsn\src\simulation\mobility\x64\debug\vc141.idb
f:\v11.1_projects\wsn_localization_v11.1\workspace_localization_wsn\src\simulation\mobility\x64\debug\vc141.pdb
f:\v11.1_projects\wsn_localization_v11.1\workspace_localization_wsn\src\simulation\mobility\x64\debug\mobility.tlog\cl.command.1.tlog
f:\v11.1_projects\wsn_localization_v11.1\workspace_localization_wsn\src\simulation\mobility\x64\debug\mobility.tlog\cl.read.1.tlog
f:\v11.1_projects\wsn_localization_v11.1\workspace_localization_wsn\src\simulation\mobility\x64\debug\mobility.tlog\cl.write.1.tlog
f:\v11.1_projects\wsn_localization_v11.1\workspace_localization_wsn\src\simulation\mobility\x64\debug\mobility.tlog\link.command.1.tlog
f:\v11.1_projects\wsn_localization_v11.1\workspace_localization_wsn\src\simulation\mobility\x64\debug\mobility.tlog\link.read.1.tlog
f:\v11.1_projects\wsn_localization_v11.1\workspace_localization_wsn\src\simulation\mobility\x64\debug\mobility.tlog\link.write.1.tlog
f:\v11.1_projects\wsn_localization_v11.1\workspace_localization_wsn\src\simulation\mobility\x64\debug\mobility.tlog\mobility.write.1u.tlog
